{"name":"Facebook Registration","status":"broken","statusDetails":{"known":false,"muted":false,"flaky":false,"message":"invalid selector: Unable to locate an element with the xpath expression //tr[1]//td | //div[@class='ui-grid-canvas']/div[1//div[@role='gridcell'] because of the following error:\nSyntaxError: Failed to execute 'evaluate' on 'Document': The string '//tr[1]//td | //div[@class='ui-grid-canvas']/div[1//div[@role='gridcell']' is not a valid XPath expression.\n  (Session info: chrome=80.0.3987.163)\n  (Driver info: chromedriver=2.42.591088 (7b2b2dca23cca0862f674758c9a3933e685c27d5),platform=Windows NT 10.0.17763 x86_64) (WARNING: The server did not provide any stacktrace information)\nCommand duration or timeout: 0 milliseconds\nFor documentation on this error, please visit: https://www.seleniumhq.org/exceptions/invalid_selector_exception.html\nBuild info: version: '3.141.59', revision: 'e82be7d358', time: '2018-11-14T08:17:03'\nSystem info: host: 'LAPTOP-6FNG226P', ip: '192.168.225.104', os.name: 'Windows 10', os.arch: 'amd64', os.version: '10.0', java.version: '1.8.0_221'\nDriver info: org.openqa.selenium.chrome.ChromeDriver\nCapabilities {acceptInsecureCerts: false, acceptSslCerts: false, applicationCacheEnabled: false, browserConnectionEnabled: false, browserName: chrome, chrome: {chromedriverVersion: 2.42.591088 (7b2b2dca23cca0..., userDataDir: C:\\Users\\AJAYKU~1\\AppData\\L...}, cssSelectorsEnabled: true, databaseEnabled: false, goog:chromeOptions: {debuggerAddress: localhost:61353}, handlesAlerts: true, hasTouchScreen: false, javascriptEnabled: true, locationContextEnabled: true, mobileEmulationEnabled: false, nativeEvents: true, networkConnectionEnabled: false, pageLoadStrategy: normal, platform: XP, platformName: XP, rotatable: false, setWindowRect: true, takesHeapSnapshot: true, takesScreenshot: true, unexpectedAlertBehaviour: , unhandledPromptBehavior: , version: 80.0.3987.163, webStorageEnabled: true}\nSession ID: 1e0982950da51e7938007e39473c9835\n*** Element info: {Using=xpath, value=//tr[1]//td | //div[@class='ui-grid-canvas']/div[1//div[@role='gridcell']}","trace":"org.openqa.selenium.InvalidSelectorException: invalid selector: Unable to locate an element with the xpath expression //tr[1]//td | //div[@class='ui-grid-canvas']/div[1//div[@role='gridcell'] because of the following error:\nSyntaxError: Failed to execute 'evaluate' on 'Document': The string '//tr[1]//td | //div[@class='ui-grid-canvas']/div[1//div[@role='gridcell']' is not a valid XPath expression.\n  (Session info: chrome=80.0.3987.163)\n  (Driver info: chromedriver=2.42.591088 (7b2b2dca23cca0862f674758c9a3933e685c27d5),platform=Windows NT 10.0.17763 x86_64) (WARNING: The server did not provide any stacktrace information)\nCommand duration or timeout: 0 milliseconds\nFor documentation on this error, please visit: https://www.seleniumhq.org/exceptions/invalid_selector_exception.html\nBuild info: version: '3.141.59', revision: 'e82be7d358', time: '2018-11-14T08:17:03'\nSystem info: host: 'LAPTOP-6FNG226P', ip: '192.168.225.104', os.name: 'Windows 10', os.arch: 'amd64', os.version: '10.0', java.version: '1.8.0_221'\nDriver info: org.openqa.selenium.chrome.ChromeDriver\nCapabilities {acceptInsecureCerts: false, acceptSslCerts: false, applicationCacheEnabled: false, browserConnectionEnabled: false, browserName: chrome, chrome: {chromedriverVersion: 2.42.591088 (7b2b2dca23cca0..., userDataDir: C:\\Users\\AJAYKU~1\\AppData\\L...}, cssSelectorsEnabled: true, databaseEnabled: false, goog:chromeOptions: {debuggerAddress: localhost:61353}, handlesAlerts: true, hasTouchScreen: false, javascriptEnabled: true, locationContextEnabled: true, mobileEmulationEnabled: false, nativeEvents: true, networkConnectionEnabled: false, pageLoadStrategy: normal, platform: XP, platformName: XP, rotatable: false, setWindowRect: true, takesHeapSnapshot: true, takesScreenshot: true, unexpectedAlertBehaviour: , unhandledPromptBehavior: , version: 80.0.3987.163, webStorageEnabled: true}\nSession ID: 1e0982950da51e7938007e39473c9835\n*** Element info: {Using=xpath, value=//tr[1]//td | //div[@class='ui-grid-canvas']/div[1//div[@role='gridcell']}\r\n\tat sun.reflect.NativeConstructorAccessorImpl.newInstance0(Native Method)\r\n\tat sun.reflect.NativeConstructorAccessorImpl.newInstance(NativeConstructorAccessorImpl.java:62)\r\n\tat sun.reflect.DelegatingConstructorAccessorImpl.newInstance(DelegatingConstructorAccessorImpl.java:45)\r\n\tat java.lang.reflect.Constructor.newInstance(Constructor.java:423)\r\n\tat org.openqa.selenium.remote.ErrorHandler.createThrowable(ErrorHandler.java:214)\r\n\tat org.openqa.selenium.remote.ErrorHandler.throwIfResponseFailed(ErrorHandler.java:166)\r\n\tat org.openqa.selenium.remote.http.JsonHttpResponseCodec.reconstructValue(JsonHttpResponseCodec.java:40)\r\n\tat org.openqa.selenium.remote.http.AbstractHttpResponseCodec.decode(AbstractHttpResponseCodec.java:80)\r\n\tat org.openqa.selenium.remote.http.AbstractHttpResponseCodec.decode(AbstractHttpResponseCodec.java:44)\r\n\tat org.openqa.selenium.remote.HttpCommandExecutor.execute(HttpCommandExecutor.java:158)\r\n\tat org.openqa.selenium.remote.service.DriverCommandExecutor.execute(DriverCommandExecutor.java:83)\r\n\tat org.openqa.selenium.remote.RemoteWebDriver.execute(RemoteWebDriver.java:552)\r\n\tat org.openqa.selenium.remote.RemoteWebDriver.findElements(RemoteWebDriver.java:353)\r\n\tat org.openqa.selenium.remote.RemoteWebDriver.findElementsByXPath(RemoteWebDriver.java:432)\r\n\tat org.openqa.selenium.By$ByXPath.findElements(By.java:348)\r\n\tat org.openqa.selenium.remote.RemoteWebDriver.findElements(RemoteWebDriver.java:311)\r\n\tat library.selenium.common.TableMethods.getMatchingCellElement(TableMethods.java:47)\r\n\tat library.cucumber.steps.Steps_Select.validateTextFoundInColum(Steps_Select.java:114)\r\n\tat ✽.the user validate that the value 5338429106 is present in the column Phone in the table having xpath \"//div[@class='ui-grid-contents-wrapper']\"(classpath:features/Login.feature:17)\r\n"},"stage":"finished","description":"  Validating login functionality","steps":[{"name":"Given  the user launch the \"facebook\" application in new window","status":"passed","statusDetails":{"known":false,"muted":false,"flaky":false},"stage":"finished","steps":[{"name":"application \"http://demo.automationtesting.in/WebTable.html\" launched in new window","status":"skipped","stage":"finished","steps":[],"attachments":[],"parameters":[],"start":1585934761666,"stop":1585934761667}],"attachments":[],"parameters":[],"start":1585934730225,"stop":1585934761671},{"name":"Then  the user wait for page to load","status":"passed","statusDetails":{"known":false,"muted":false,"flaky":false},"stage":"finished","steps":[],"attachments":[],"parameters":[],"start":1585934761671,"stop":1585934761726},{"name":"Then  the user validate that the value 5338429106 is present in the column Phone in the table having xpath \"//div[@class='ui-grid-contents-wrapper']\"","status":"broken","statusDetails":{"known":false,"muted":false,"flaky":false,"message":"invalid selector: Unable to locate an element with the xpath expression //tr[1]//td | //div[@class='ui-grid-canvas']/div[1//div[@role='gridcell'] because of the following error:\nSyntaxError: Failed to execute 'evaluate' on 'Document': The string '//tr[1]//td | //div[@class='ui-grid-canvas']/div[1//div[@role='gridcell']' is not a valid XPath expression.\n  (Session info: chrome=80.0.3987.163)\n  (Driver info: chromedriver=2.42.591088 (7b2b2dca23cca0862f674758c9a3933e685c27d5),platform=Windows NT 10.0.17763 x86_64) (WARNING: The server did not provide any stacktrace information)\nCommand duration or timeout: 0 milliseconds\nFor documentation on this error, please visit: https://www.seleniumhq.org/exceptions/invalid_selector_exception.html\nBuild info: version: '3.141.59', revision: 'e82be7d358', time: '2018-11-14T08:17:03'\nSystem info: host: 'LAPTOP-6FNG226P', ip: '192.168.225.104', os.name: 'Windows 10', os.arch: 'amd64', os.version: '10.0', java.version: '1.8.0_221'\nDriver info: org.openqa.selenium.chrome.ChromeDriver\nCapabilities {acceptInsecureCerts: false, acceptSslCerts: false, applicationCacheEnabled: false, browserConnectionEnabled: false, browserName: chrome, chrome: {chromedriverVersion: 2.42.591088 (7b2b2dca23cca0..., userDataDir: C:\\Users\\AJAYKU~1\\AppData\\L...}, cssSelectorsEnabled: true, databaseEnabled: false, goog:chromeOptions: {debuggerAddress: localhost:61353}, handlesAlerts: true, hasTouchScreen: false, javascriptEnabled: true, locationContextEnabled: true, mobileEmulationEnabled: false, nativeEvents: true, networkConnectionEnabled: false, pageLoadStrategy: normal, platform: XP, platformName: XP, rotatable: false, setWindowRect: true, takesHeapSnapshot: true, takesScreenshot: true, unexpectedAlertBehaviour: , unhandledPromptBehavior: , version: 80.0.3987.163, webStorageEnabled: true}\nSession ID: 1e0982950da51e7938007e39473c9835\n*** Element info: {Using=xpath, value=//tr[1]//td | //div[@class='ui-grid-canvas']/div[1//div[@role='gridcell']}","trace":"org.openqa.selenium.InvalidSelectorException: invalid selector: Unable to locate an element with the xpath expression //tr[1]//td | //div[@class='ui-grid-canvas']/div[1//div[@role='gridcell'] because of the following error:\nSyntaxError: Failed to execute 'evaluate' on 'Document': The string '//tr[1]//td | //div[@class='ui-grid-canvas']/div[1//div[@role='gridcell']' is not a valid XPath expression.\n  (Session info: chrome=80.0.3987.163)\n  (Driver info: chromedriver=2.42.591088 (7b2b2dca23cca0862f674758c9a3933e685c27d5),platform=Windows NT 10.0.17763 x86_64) (WARNING: The server did not provide any stacktrace information)\nCommand duration or timeout: 0 milliseconds\nFor documentation on this error, please visit: https://www.seleniumhq.org/exceptions/invalid_selector_exception.html\nBuild info: version: '3.141.59', revision: 'e82be7d358', time: '2018-11-14T08:17:03'\nSystem info: host: 'LAPTOP-6FNG226P', ip: '192.168.225.104', os.name: 'Windows 10', os.arch: 'amd64', os.version: '10.0', java.version: '1.8.0_221'\nDriver info: org.openqa.selenium.chrome.ChromeDriver\nCapabilities {acceptInsecureCerts: false, acceptSslCerts: false, applicationCacheEnabled: false, browserConnectionEnabled: false, browserName: chrome, chrome: {chromedriverVersion: 2.42.591088 (7b2b2dca23cca0..., userDataDir: C:\\Users\\AJAYKU~1\\AppData\\L...}, cssSelectorsEnabled: true, databaseEnabled: false, goog:chromeOptions: {debuggerAddress: localhost:61353}, handlesAlerts: true, hasTouchScreen: false, javascriptEnabled: true, locationContextEnabled: true, mobileEmulationEnabled: false, nativeEvents: true, networkConnectionEnabled: false, pageLoadStrategy: normal, platform: XP, platformName: XP, rotatable: false, setWindowRect: true, takesHeapSnapshot: true, takesScreenshot: true, unexpectedAlertBehaviour: , unhandledPromptBehavior: , version: 80.0.3987.163, webStorageEnabled: true}\nSession ID: 1e0982950da51e7938007e39473c9835\n*** Element info: {Using=xpath, value=//tr[1]//td | //div[@class='ui-grid-canvas']/div[1//div[@role='gridcell']}\r\n\tat sun.reflect.NativeConstructorAccessorImpl.newInstance0(Native Method)\r\n\tat sun.reflect.NativeConstructorAccessorImpl.newInstance(NativeConstructorAccessorImpl.java:62)\r\n\tat sun.reflect.DelegatingConstructorAccessorImpl.newInstance(DelegatingConstructorAccessorImpl.java:45)\r\n\tat java.lang.reflect.Constructor.newInstance(Constructor.java:423)\r\n\tat org.openqa.selenium.remote.ErrorHandler.createThrowable(ErrorHandler.java:214)\r\n\tat org.openqa.selenium.remote.ErrorHandler.throwIfResponseFailed(ErrorHandler.java:166)\r\n\tat org.openqa.selenium.remote.http.JsonHttpResponseCodec.reconstructValue(JsonHttpResponseCodec.java:40)\r\n\tat org.openqa.selenium.remote.http.AbstractHttpResponseCodec.decode(AbstractHttpResponseCodec.java:80)\r\n\tat org.openqa.selenium.remote.http.AbstractHttpResponseCodec.decode(AbstractHttpResponseCodec.java:44)\r\n\tat org.openqa.selenium.remote.HttpCommandExecutor.execute(HttpCommandExecutor.java:158)\r\n\tat org.openqa.selenium.remote.service.DriverCommandExecutor.execute(DriverCommandExecutor.java:83)\r\n\tat org.openqa.selenium.remote.RemoteWebDriver.execute(RemoteWebDriver.java:552)\r\n\tat org.openqa.selenium.remote.RemoteWebDriver.findElements(RemoteWebDriver.java:353)\r\n\tat org.openqa.selenium.remote.RemoteWebDriver.findElementsByXPath(RemoteWebDriver.java:432)\r\n\tat org.openqa.selenium.By$ByXPath.findElements(By.java:348)\r\n\tat org.openqa.selenium.remote.RemoteWebDriver.findElements(RemoteWebDriver.java:311)\r\n\tat library.selenium.common.TableMethods.getMatchingCellElement(TableMethods.java:47)\r\n\tat library.cucumber.steps.Steps_Select.validateTextFoundInColum(Steps_Select.java:114)\r\n\tat ✽.the user validate that the value 5338429106 is present in the column Phone in the table having xpath \"//div[@class='ui-grid-contents-wrapper']\"(classpath:features/Login.feature:17)\r\n"},"stage":"finished","steps":[],"attachments":[],"parameters":[],"start":1585934761726,"stop":1585934763037},{"name":"Then  the user validate that the value: 5338429106 is present in the column: Phone in the table where table locator: tableLoc header locator: headerLoc rows locator: rowLoc and column locator colLoc at the page LoginPage","status":"skipped","statusDetails":{"known":false,"muted":false,"flaky":false},"stage":"finished","steps":[],"attachments":[],"parameters":[],"start":1585934763038,"stop":1585934763038}],"attachments":[],"parameters":[],"start":1585934730187,"stop":1585934765520,"uuid":"50dd77f5-75ca-4661-954c-d5aa458a7200","historyId":"f5cb8ed25e0d8d136a7b01e60ac26b8f","fullName":"Login Validation: Facebook Registration","labels":[{"name":"tag","value":"SmokeSuite"},{"name":"tag","value":"Scenario1"},{"name":"host","value":"LAPTOP-6FNG226P"},{"name":"thread","value":"14000@LAPTOP-6FNG226P.TestNG-PoolService-0(12)"},{"name":"feature","value":"Login Validation"},{"name":"story","value":"Facebook Registration"},{"name":"suite","value":"Login Validation"},{"name":"testClass","value":"Facebook Registration"},{"name":"framework","value":"cucumber4jvm"},{"name":"language","value":"java"},{"name":"gherkin_uri","value":"classpath:features/Login.feature"},{"name":"package","value":"features.Login_feature.Login Validation"}],"links":[]}