<?xml version="1.0" encoding="UTF-8"?>
<testng-results skipped="0" failed="0" ignored="0" total="1" passed="1">
  <reporter-output>
  </reporter-output>
  <suite name="SmokeSuite" duration-ms="78045" started-at="2020-04-03T15:38:30 IST" finished-at="2020-04-03T15:39:48 IST">
    <groups>
      <group name="cucumber">
        <method signature="CucumberBaseTest.scenario(java.util.Map, io.cucumber.testng.PickleEventWrapper, io.cucumber.testng.CucumberFeatureWrapper)[pri:0, instance:runners.TestRunner@12d5c30e]" name="scenario" class="library.cucumber.common.CucumberBaseTest"/>
      </group> <!-- cucumber -->
    </groups>
    <test name="SmokeTest" duration-ms="78045" started-at="2020-04-03T15:38:30 IST" finished-at="2020-04-03T15:39:48 IST">
      <class name="runners.TestRunner">
        <test-method status="PASS" signature="startUp(java.lang.reflect.Method, [Ljava.lang.Object;)[pri:0, instance:runners.TestRunner@12d5c30e]" name="startUp" is-config="true" duration-ms="84" started-at="2020-04-03T15:38:31 IST" finished-at="2020-04-03T15:38:31 IST">
          <params>
            <param index="0">
              <value>
                <![CDATA[public void library.cucumber.common.CucumberBaseTest.scenario(java.util.Map,io.cucumber.testng.PickleEventWrapper,io.cucumber.testng.CucumberFeatureWrapper) throws java.lang.Throwable]]>
              </value>
            </param>
            <param index="1">
              <value>
                <![CDATA[[Ljava.lang.Object;@529c2a9a]]>
              </value>
            </param>
          </params>
          <reporter-output>
          </reporter-output>
        </test-method> <!-- startUp -->
        <test-method status="PASS" signature="scenario(java.util.Map, io.cucumber.testng.PickleEventWrapper, io.cucumber.testng.CucumberFeatureWrapper)[pri:0, instance:runners.TestRunner@12d5c30e]" name="scenario" duration-ms="76611" started-at="2020-04-03T15:38:31 IST" description="Run Cucumber Scenarios" data-provider="techstackwithScenarioList" finished-at="2020-04-03T15:39:48 IST">
          <params>
            <param index="0">
              <value>
                <![CDATA[{seleniumServer=local, browser=chrome}]]>
              </value>
            </param>
            <param index="1">
              <value>
                <![CDATA["Facebook Registration"]]>
              </value>
            </param>
            <param index="2">
              <value>
                <![CDATA["Login Validation"]]>
              </value>
            </param>
          </params>
          <reporter-output>
          </reporter-output>
        </test-method> <!-- scenario -->
        <test-method status="PASS" signature="closeDown(org.testng.ITestResult)[pri:0, instance:runners.TestRunner@12d5c30e]" name="closeDown" is-config="true" duration-ms="1" started-at="2020-04-03T15:39:48 IST" finished-at="2020-04-03T15:39:48 IST">
          <params>
            <param index="0">
              <value>
                <![CDATA[[TestResult name=scenario status=SUCCESS method=CucumberBaseTest.scenario(java.util.Map, io.cucumber.testng.PickleEventWrapper, io.cucumber.testng.CucumberFeatureWrapper)[pri:0, instance:runners.TestRunner@12d5c30e] output={null}]]]>
              </value>
            </param>
          </params>
          <reporter-output>
          </reporter-output>
        </test-method> <!-- closeDown -->
        <test-method status="PASS" signature="tearDownClass()[pri:0, instance:runners.TestRunner@12d5c30e]" name="tearDownClass" is-config="true" duration-ms="384" started-at="2020-04-03T15:39:48 IST" finished-at="2020-04-03T15:39:48 IST">
          <reporter-output>
          </reporter-output>
        </test-method> <!-- tearDownClass -->
      </class> <!-- runners.TestRunner -->
    </test> <!-- SmokeTest -->
  </suite> <!-- SmokeSuite -->
</testng-results>
